<?xml version="1.0" encoding="UTF-8"?>
<testsuite xmlns:xsi="http://www.w3.org/2001/XMLSchema-instance" xsi:noNamespaceSchemaLocation="https://maven.apache.org/surefire/maven-surefire-plugin/xsd/surefire-test-report-3.0.xsd" version="3.0" name="runners.TestRunner" time="46.592" tests="6" errors="0" skipped="0" failures="0">
  <properties>
[...]
</properties>
  <testcase name="Valid login" classname="Hudl Login" time="13.018">
    <system-out><![CDATA[
Scenario: Valid login                          # src/test/java/features/login.feature:4
  Given I am on the Hudl login page            # stepDefnition.LoginSteps.i_am_on_the_hudl_login_page()
  When I enter valid credentials               # stepDefnition.LoginSteps.i_enter_valid_credentials()
  And I click the login button                 # stepDefnition.LoginSteps.i_click_the_login_button()
Current URL: https://identity.hudl.com/u/login/password?state=hKFo2SBDbjNPRkRZRFRZT01fYUVJX0NIRk5hSi1TRE90ZU15baFur3VuaXZlcnNhbC1sb2dpbqN0aWTZIGhaN3RtMUdvXzhPdFluaVQzaG84dVlfdWZBd0I1aWIwo2NpZNkgbjEzUmZrSHpLb3phTnhXQzVkWlFvYmVXR2Y0V2pTbjU
Page Title: Home - Hudl
Screenshot saved to: /Users/ArthiKrishnamurthi/hudl-login-tests-3/hudl-login-tests/dashboard_debug.png
  Then I should be redirected to the dashboard # stepDefnition.LoginSteps.i_should_be_redirected_to_the_dashboard()
]]></system-out>
    <system-err><![CDATA[Aug 06, 2025 6:59:20 AM org.openqa.selenium.devtools.CdpVersionFinder findNearestMatch
WARNING: Unable to find CDP implementation matching 139
Aug 06, 2025 6:59:20 AM org.openqa.selenium.chromium.ChromiumDriver lambda$new$5
WARNING: Unable to find version of CDP to use for 139.0.7258.67. You may need to include a dependency on a specific version of the CDP using something similar to `org.seleniumhq.selenium:selenium-devtools-v86:4.14.0` where the version ("v86") matches the version of the chromium-based browser you're using and the version number of the artifact is the same as Selenium's.
]]></system-err>
  </testcase>
  <testcase name="Invalid login with correct email format" classname="Hudl Login" time="6.815">
    <system-out><![CDATA[
Scenario: Invalid login with correct email format # src/test/java/features/login.feature:10
  Given I am on the Hudl login page               # stepDefnition.LoginSteps.i_am_on_the_hudl_login_page()
  When I enter invalid credentials                # stepDefnition.LoginSteps.i_enter_invalid_credentials()
  And I click the login button                    # stepDefnition.LoginSteps.i_click_the_login_button()
  Then I should see a login error message         # stepDefnition.LoginSteps.i_should_see_a_login_error_message()
]]></system-out>
    <system-err><![CDATA[Aug 06, 2025 6:59:33 AM org.openqa.selenium.devtools.CdpVersionFinder findNearestMatch
WARNING: Unable to find CDP implementation matching 139
Aug 06, 2025 6:59:33 AM org.openqa.selenium.chromium.ChromiumDriver lambda$new$5
WARNING: Unable to find version of CDP to use for 139.0.7258.67. You may need to include a dependency on a specific version of the CDP using something similar to `org.seleniumhq.selenium:selenium-devtools-v86:4.14.0` where the version ("v86") matches the version of the chromium-based browser you're using and the version number of the artifact is the same as Selenium's.
]]></system-err>
  </testcase>
  <testcase name="Valid Login with invalid email format" classname="Hudl Login" time="5.422">
    <system-out><![CDATA[
Scenario: Valid Login with invalid email format           # src/test/java/features/login.feature:17
  Given I am on the Hudl login page                       # stepDefnition.LoginSteps.i_am_on_the_hudl_login_page()
  When I enter an invalid email format and a password     # stepDefnition.LoginSteps.i_enter_invalid_email_format_and_a_password()
  And I click the login button                            # stepDefnition.LoginSteps.i_click_the_login_button()
  Then I should see an invalid email format error message # stepDefnition.LoginSteps.i_should_see_an_invalid_email_format_error_message()
]]></system-out>
    <system-err><![CDATA[Aug 06, 2025 6:59:40 AM org.openqa.selenium.devtools.CdpVersionFinder findNearestMatch
WARNING: Unable to find CDP implementation matching 139
Aug 06, 2025 6:59:40 AM org.openqa.selenium.chromium.ChromiumDriver lambda$new$5
WARNING: Unable to find version of CDP to use for 139.0.7258.67. You may need to include a dependency on a specific version of the CDP using something similar to `org.seleniumhq.selenium:selenium-devtools-v86:4.14.0` where the version ("v86") matches the version of the chromium-based browser you're using and the version number of the artifact is the same as Selenium's.
]]></system-err>
  </testcase>
  <testcase name="Blank email and continue" classname="Hudl Login" time="5.796">
    <system-out><![CDATA[
Scenario: Blank email and continue                  # src/test/java/features/login.feature:24
  Given I am on the Hudl login page                 # stepDefnition.LoginSteps.i_am_on_the_hudl_login_page()
  When I leave email and password blank             # stepDefnition.LoginSteps.i_leave_email_and_password_blank()
  And I click the login button                      # stepDefnition.LoginSteps.i_click_the_login_button()
  Then I should see a required fields error message # stepDefnition.LoginSteps.i_should_see_a_required_fields_error_message()
]]></system-out>
    <system-err><![CDATA[Aug 06, 2025 6:59:45 AM org.openqa.selenium.devtools.CdpVersionFinder findNearestMatch
WARNING: Unable to find CDP implementation matching 139
Aug 06, 2025 6:59:45 AM org.openqa.selenium.chromium.ChromiumDriver lambda$new$5
WARNING: Unable to find version of CDP to use for 139.0.7258.67. You may need to include a dependency on a specific version of the CDP using something similar to `org.seleniumhq.selenium:selenium-devtools-v86:4.14.0` where the version ("v86") matches the version of the chromium-based browser you're using and the version number of the artifact is the same as Selenium's.
]]></system-err>
  </testcase>
  <testcase name="Blank password" classname="Hudl Login" time="7.804">
    <system-out><![CDATA[
Scenario: Blank password                              # src/test/java/features/login.feature:30
  Given I am on the Hudl login page                   # stepDefnition.LoginSteps.i_am_on_the_hudl_login_page()
  When I enter a valid email and leave password blank # stepDefnition.LoginSteps.i_enter_valid_email_and_leave_password_blank()
  And I click the login button                        # stepDefnition.LoginSteps.i_click_the_login_button()
  Then I should see a password required error message # stepDefnition.LoginSteps.i_should_see_a_password_required_error_message()
]]></system-out>
    <system-err><![CDATA[Aug 06, 2025 6:59:51 AM org.openqa.selenium.devtools.CdpVersionFinder findNearestMatch
WARNING: Unable to find CDP implementation matching 139
Aug 06, 2025 6:59:51 AM org.openqa.selenium.chromium.ChromiumDriver lambda$new$5
WARNING: Unable to find version of CDP to use for 139.0.7258.67. You may need to include a dependency on a specific version of the CDP using something similar to `org.seleniumhq.selenium:selenium-devtools-v86:4.14.0` where the version ("v86") matches the version of the chromium-based browser you're using and the version number of the artifact is the same as Selenium's.
]]></system-err>
  </testcase>
  <testcase name="Forgot password link" classname="Hudl Login" time="7.527">
    <system-out><![CDATA[
Scenario: Forgot password link              # src/test/java/features/login.feature:37
  Given I am on the Hudl login page         # stepDefnition.LoginSteps.i_am_on_the_hudl_login_page()
  When I enter valid email without password # stepDefnition.LoginSteps.i_enter_valid_email_without_pasword()
  When I click the Forgot Password link     # stepDefnition.LoginSteps.i_click_the_forgot_password_link()
  Then I should see the password reset page # stepDefnition.LoginSteps.i_should_see_the_password_reset_page()
]]></system-out>
    <system-err><![CDATA[Aug 06, 2025 6:59:59 AM org.openqa.selenium.devtools.CdpVersionFinder findNearestMatch
WARNING: Unable to find CDP implementation matching 139
Aug 06, 2025 6:59:59 AM org.openqa.selenium.chromium.ChromiumDriver lambda$new$5
WARNING: Unable to find version of CDP to use for 139.0.7258.67. You may need to include a dependency on a specific version of the CDP using something similar to `org.seleniumhq.selenium:selenium-devtools-v86:4.14.0` where the version ("v86") matches the version of the chromium-based browser you're using and the version number of the artifact is the same as Selenium's.
]]></system-err>
  </testcase>
</testsuite>